"../../../Engine/Content/Animation/DefaultAnimCurveCompressionSettings.uasset" 0
"../../../Engine/Content/ArtTools/RenderToTexture/Enums/RenderToTexture_Enum.uasset" 1
"../../../Engine/Content/ArtTools/RenderToTexture/Enums/RenderToTexture_Flipbook_Enum.uasset" 2
"../../../Engine/Content/ArtTools/RenderToTexture/Enums/RenderToTexture_Imposter_Enum.uasset" 3
"../../../Engine/Content/EditorBlueprintResources/StandardMacros.uasset" 4
"../../../Engine/Content/ArtTools/RenderToTexture/Enums/EIntTypes.uasset" 5
"../../../Engine/Content/ArtTools/RenderToTexture/Macros/RenderToTextureFunctionLibrary.uasset" 6
"../../../Engine/Content/ArtTools/RenderToTexture/Enums/EFloatTypes.uasset" 7
"../../../Engine/Content/ArtTools/RenderToTexture/Macros/RenderToTextureMacros.uasset" 8
"../../../Engine/Content/Functions/Engine_MaterialFunctions01/Opacity/CameraDepthFade.uasset" 9
"../../../Engine/Content/EngineMaterials/T_Default_Material_Grid_M.uasset" 10
"../../../Engine/Content/EngineMaterials/T_Default_Material_Grid_N.uasset" 11
"../../../Engine/Content/EngineMaterials/WorldGridMaterial.uasset" 12
"../../../Engine/Content/ArtTools/RenderToTexture/Meshes/S_1_Unit_Plane.uasset" 13
"../../../Engine/Content/EngineMaterials/DefaultMaterial.uasset" 14
"../../../Engine/Content/BasicShapes/Cone.uasset" 15
"../../../Engine/Content/BasicShapes/Cylinder.uasset" 16
"../../../Engine/Content/BasicShapes/Plane.uasset" 17
"../../../Engine/Content/BasicShapes/Sphere.uasset" 18
"../../../Engine/Content/EngineMaterials/DefaultPhysicalMaterial.uasset" 19
"../../../Engine/Content/BufferVisualization/AmbientOcclusion.uasset" 20
"../../../Engine/Content/BufferVisualization/BaseColor.uasset" 21
"../../../Engine/Content/BufferVisualization/CustomDepth.uasset" 22
"../../../Engine/Content/Functions/Engine_MaterialFunctions02/Utility/VectorLength.uasset" 23
"../../../Engine/Content/BufferVisualization/CustomDepthWorldUnits.uasset" 24
"../../../Engine/Content/Functions/Engine_MaterialFunctions02/Utility/BreakOutFloat2Components.uasset" 25
"../../../Engine/Content/Functions/Engine_MaterialFunctions01/Texturing/ScaleUVsByCenter.uasset" 26
"../../../Engine/Content/Functions/Engine_MaterialFunctions02/ScreenResolution.uasset" 27
"../../../Engine/Content/Functions/Engine_MaterialFunctions02/Texturing/ScreenAlignedUVs.uasset" 28
"../../../Engine/Content/Functions/Engine_MaterialFunctions02/Utility/MakeFloat2.uasset" 29
"../../../Engine/Content/Functions/Engine_MaterialFunctions02/Utility/MakeFloat3.uasset" 30
"../../../Engine/Content/EngineMaterials/MiniFont.uasset" 31
"../../../Engine/Content/BufferVisualization/CustomStencil.uasset" 32
"../../../Engine/Content/BufferVisualization/FinalImage.uasset" 33
"../../../Engine/Content/BufferVisualization/LightingModel.uasset" 34
"../../../Engine/Content/BufferVisualization/MaterialAO.uasset" 35
"../../../Engine/Content/BufferVisualization/Metallic.uasset" 36
"../../../Engine/Content/BufferVisualization/Opacity.uasset" 37
"../../../Engine/Content/BufferVisualization/PostTonemapHDRColor.uasset" 38
"../../../Engine/Content/BufferVisualization/PreTonemapHDRColor.uasset" 39
"../../../Engine/Content/BufferVisualization/Roughness.uasset" 40
"../../../Engine/Content/BufferVisualization/SceneColor.uasset" 41
"../../../Engine/Content/BufferVisualization/SceneDepth.uasset" 42
"../../../Engine/Content/BufferVisualization/SceneDepthWorldUnits.uasset" 43
"../../../Engine/Content/BufferVisualization/SeparateTranslucencyA.uasset" 44
"../../../Engine/Content/BufferVisualization/SeparateTranslucencyRGB.uasset" 45
"../../../Engine/Content/BufferVisualization/Specular.uasset" 46
"../../../Engine/Content/BufferVisualization/SubsurfaceColor.uasset" 47
"../../../Engine/Content/BufferVisualization/Velocity.uasset" 48
"../../../Engine/Content/BufferVisualization/WorldNormal.uasset" 49
"../../../Engine/Content/EditorBlueprintResources/ActorMacros.uasset" 50
"../../../Engine/Content/EditorLandscapeResources/DataLayer.uasset" 51
"../../../Engine/Content/EditorLandscapeResources/DefaultAlphaTexture.uasset" 52
"../../../Engine/Content/EditorLandscapeResources/LandscapeGizmoHeight_Mat.uasset" 53
"../../../Engine/Content/EditorLandscapeResources/LandscapeGizmo_Mat.uasset" 54
"../../../Engine/Content/EditorLandscapeResources/LandscapeGizmo_Mat_Copied.uasset" 55
"../../../Engine/Content/EditorLandscapeResources/SplineEditorMeshMat.uasset" 56
"../../../Engine/Content/EditorLandscapeResources/SplineEditorMesh.uasset" 57
"../../../Engine/Content/EditorMaterials/Cross.uasset" 58
"../../../Engine/Content/EditorMaterials/Cross_Mat.uasset" 59
"../../../Engine/Content/EngineMaterials/DefaultDiffuse.uasset" 60
"../../../Engine/Content/Functions/Engine_MaterialFunctions01/Texturing/TextureCropping.uasset" 61
"../../../Engine/Content/Functions/Engine_MaterialFunctions01/Texturing/ComputeMipLevel.uasset" 62
"../../../Engine/Content/Functions/Engine_MaterialFunctions02/ExampleContent/DebugNumberStrip.uasset" 63
"../../../Engine/Content/Functions/Engine_MaterialFunctions02/ExampleContent/Textures/DebugNumberPeriod.uasset" 64
"../../../Engine/Content/Functions/Engine_MaterialFunctions02/Utility/DebugScalarValues.uasset" 65
"../../../Engine/Content/Functions/Engine_MaterialFunctions02/Utility/DebugFloat2Values.uasset" 66
"../../../Engine/Content/Functions/Engine_MaterialFunctions02/ExampleContent/Textures/flipbook.uasset" 67
"../../../Engine/Content/Functions/Engine_MaterialFunctions02/Texturing/FlipBook.uasset" 68
"../../../Engine/Content/Functions/Engine_MaterialFunctions02/Utility/Sign.uasset" 69
"../../../Engine/Content/Functions/Engine_MaterialFunctions02/Utility/Round.uasset" 70
"../../../Engine/Content/EditorResources/T_EditorHelp.uasset" 71
"../../../Engine/Content/EditorMaterials/HelpActorMaterial.uasset" 72
"../../../Engine/Content/EditorMaterials/CompositeARGBLayer.uasset" 73
"../../../Engine/Content/EditorMaterials/TilingAALineIntegral.uasset" 74
"../../../Engine/Content/EditorMaterials/TilingAALineBoxFiltered.uasset" 75
"../../../Engine/Content/Functions/Engine_MaterialFunctions03/Procedurals/ComputeFilterWidth.uasset" 76
"../../../Engine/Content/EditorMaterials/TilingAADots.uasset" 77
"../../../Engine/Content/EngineMaterials/BlendFunc_DefBase.uasset" 78
"../../../Engine/Content/EngineMaterials/BlendFunc_DefBlend.uasset" 79
"../../../Engine/Content/Functions/Engine_MaterialFunctions03/Blends/Blend_Screen.uasset" 80
"../../../Engine/Content/EditorMaterials/TilingAAGrid.uasset" 81
"../../../Engine/Content/EditorMaterials/LevelGridMaterial.uasset" 82
"../../../Engine/Content/EditorMaterials/MakeCompositeARGBLayer.uasset" 83
"../../../Engine/Content/EditorResources/LevelGrid1DStripes.uasset" 84
"../../../Engine/Content/EditorMaterials/TextureGridCascaded1D.uasset" 85
"../../../Engine/Content/EditorMaterials/TextureGridCascaded2D.uasset" 86
"../../../Engine/Content/EditorMaterials/LevelGridMaterial2.uasset" 87
"../../../Engine/Content/EditorMaterials/MAT_Groups_Toggle.uasset" 88
"../../../Engine/Content/EditorMaterials/MAT_Groups_Visibility.uasset" 89
"../../../Engine/Content/EditorMaterials/AntialiasedGridFloor.uasset" 90
"../../../Engine/Content/EditorResources/TilePatine_D.uasset" 91
"../../../Engine/Content/EditorResources/TilePatine_N.uasset" 92
"../../../Engine/Content/EngineMaterials/Grid.uasset" 93
"../../../Engine/Content/EditorMaterials/PersonaFloorMat.uasset" 94
"../../../Engine/Content/EditorMaterials/PhAT_BoneSelectedMaterial.uasset" 95
"../../../Engine/Content/EditorMaterials/PhAT_ElemSelectedMaterial.uasset" 96
"../../../Engine/Content/EditorMaterials/PhAT_NoCollisionMaterial.uasset" 97
"../../../Engine/Content/EditorMaterials/PhAT_UnselectedMaterial.uasset" 98
"../../../Engine/Content/EditorMaterials/PreviewShadowIndicator.uasset" 99
"../../../Engine/Content/EditorMaterials/PreviewShadowIndicatorMaterial.uasset" 100
"../../../Engine/Content/EditorMaterials/TargetIcon.uasset" 101
"../../../Engine/Content/EditorMaterials/Tick.uasset" 102
"../../../Engine/Content/EditorMaterials/Tick_Mat.uasset" 103
"../../../Engine/Content/EditorMaterials/WidgetGridVertexColorMaterial.uasset" 104
"../../../Engine/Content/EditorMaterials/WidgetGridVertexColorMaterial_Ma.uasset" 105
"../../../Engine/Content/EditorMaterials/WidgetMaterial.uasset" 106
"../../../Engine/Content/EditorMaterials/WidgetMaterial_Current.uasset" 107
"../../../Engine/Content/EditorMaterials/WidgetMaterial_X.uasset" 108
"../../../Engine/Content/EditorMaterials/WidgetMaterial_Y.uasset" 109
"../../../Engine/Content/EditorMaterials/WidgetMaterial_Z.uasset" 110
"../../../Engine/Content/EditorMaterials/WidgetVertexColorMaterial.uasset" 111
"../../../Engine/Content/EditorMaterials/MatineeGroups/MAT_ColorTrack.uasset" 112
"../../../Engine/Content/EditorMaterials/MatineeGroups/MAT_Groups_Anim.uasset" 113
"../../../Engine/Content/EditorMaterials/MatineeGroups/MAT_Groups_AudioMaster.uasset" 114
"../../../Engine/Content/EditorMaterials/MatineeGroups/MAT_Groups_Director.uasset" 115
"../../../Engine/Content/EditorMaterials/MatineeGroups/MAT_Groups_Event.uasset" 116
"../../../Engine/Content/EditorMaterials/MatineeGroups/MAT_Groups_Fade.uasset" 117
"../../../Engine/Content/EditorMaterials/MatineeGroups/MAT_Groups_Float.uasset" 118
"../../../Engine/Content/EditorMaterials/MatineeGroups/MAT_Groups_Move.uasset" 119
"../../../Engine/Content/EditorMaterials/MatineeGroups/MAT_Groups_Slomo.uasset" 120
"../../../Engine/Content/EditorMaterials/MatineeGroups/MAT_Groups_Sound.uasset" 121
"../../../Engine/Content/EditorMaterials/MatineeGroups/MAT_Groups_Vector.uasset" 122
"../../../Engine/Content/EditorMaterials/ParticleSystems/PSysThumbnail_NoImage.uasset" 123
"../../../Engine/Content/EditorMaterials/ParticleSystems/PSysThumbnail_OOD.uasset" 124
"../../../Engine/Content/EditorMaterials/Thumbnails/FloorPlaneMaterial.uasset" 125
"../../../Engine/Content/EditorMeshes/EditorCube.uasset" 126
"../../../Engine/Content/EditorMeshes/EditorCylinder.uasset" 127
"../../../Engine/Content/EditorMeshes/EditorPlane.uasset" 128
"../../../Engine/Content/EditorMaterials/Thumbnails/SkySphereMaterial.uasset" 129
"../../../Engine/Content/EditorMeshes/EditorSkySphere.uasset" 130
"../../../Engine/Content/EditorMeshes/EditorSphere.uasset" 131
"../../../Engine/Content/EditorResources/MatineeCam_D.uasset" 132
"../../../Engine/Content/EditorMaterials/MatineeCam_mat.uasset" 133
"../../../Engine/Content/EditorMeshes/MatineeCam_SM.uasset" 134
"../../../Engine/Content/Functions/Engine_MaterialFunctions01/Shading/ConvertFromDiffSpec.uasset" 135
"../../../Engine/Content/EditorMaterials/GridMaterial.uasset" 136
"../../../Engine/Content/EditorMeshes/PhAT_FloorBox.uasset" 137
"../../../Engine/Content/EditorMeshes/PlanarReflectionPlane.uasset" 138
"../../../Engine/Content/EditorMaterials/Camera/CineMat.uasset" 139
"../../../Engine/Content/EditorMaterials/Camera/MI_CineMat_CameraBody.uasset" 140
"../../../Engine/Content/EngineDebugMaterials/M_SimpleOpaque.uasset" 141
"../../../Engine/Content/EditorMaterials/Camera/MI_CineMat_CamViewFinder.uasset" 142
"../../../Engine/Content/EditorMeshes/Camera/SM_CineCam.uasset" 143
"../../../Engine/Content/EditorMaterials/Camera/MI_CineMat_Rig.uasset" 144
"../../../Engine/Content/EditorMeshes/Camera/SM_CraneRig_Arm.uasset" 145
"../../../Engine/Content/EditorMeshes/Camera/SM_CraneRig_Base.uasset" 146
"../../../Engine/Content/EditorMeshes/Camera/SM_CraneRig_Body.uasset" 147
"../../../Engine/Content/EditorMeshes/Camera/SM_CraneRig_Mount.uasset" 148
"../../../Engine/Content/EditorMeshes/Camera/SM_RailRig_Mount.uasset" 149
"../../../Engine/Content/EditorMeshes/Camera/SM_RailRig_Track.uasset" 150
"../../../Engine/Content/EditorMeshes/ColorCalibrator/M_ChromeBall.uasset" 151
"../../../Engine/Content/EditorResources/Bad.uasset" 152
"../../../Engine/Content/EditorResources/BSPVertex.uasset" 153
"../../../Engine/Content/EditorResources/EmptyActor.uasset" 154
"../../../Engine/Content/EditorResources/MatInstActSprite.uasset" 155
"../../../Engine/Content/EditorResources/SceneManager.uasset" 156
"../../../Engine/Content/EditorResources/SmallFont.uasset" 157
"../../../Engine/Content/EditorResources/S_Actor.uasset" 158
"../../../Engine/Content/EditorResources/S_CameraShakeSource.uasset" 159
"../../../Engine/Content/EditorResources/S_DecalActorIcon.uasset" 160
"../../../Engine/Content/EditorResources/S_Emitter.uasset" 161
"../../../Engine/Content/EditorResources/S_ExpoHeightFog.uasset" 162
"../../../Engine/Content/EditorResources/S_FTest.uasset" 163
"../../../Engine/Content/EditorResources/S_KBSJoint.uasset" 164
"../../../Engine/Content/EditorResources/S_KHinge.uasset" 165
"../../../Engine/Content/EditorResources/S_KPrismatic.uasset" 166
"../../../Engine/Content/EditorResources/S_LevelSequence.uasset" 167
"../../../Engine/Content/EditorResources/S_NavP.uasset" 168
"../../../Engine/Content/EditorResources/S_Note.uasset" 169
"../../../Engine/Content/EditorResources/S_Player.uasset" 170
"../../../Engine/Content/EditorResources/S_PortalActorIcon2.uasset" 171
"../../../Engine/Content/EditorResources/S_RadForce.uasset" 172
"../../../Engine/Content/EditorResources/S_ReflActorIcon.uasset" 173
"../../../Engine/Content/EditorResources/S_SkyAtmosphere.uasset" 174
"../../../Engine/Content/EditorResources/S_Solver.uasset" 175
"../../../Engine/Content/EditorResources/S_Terrain.uasset" 176
"../../../Engine/Content/EditorResources/S_TextRenderActorIcon.uasset" 177
"../../../Engine/Content/EditorResources/S_Thruster.uasset" 178
"../../../Engine/Content/EditorResources/S_Trigger.uasset" 179
"../../../Engine/Content/EditorResources/S_VectorFieldVol.uasset" 180
"../../../Engine/Content/EditorResources/S_WindDirectional.uasset" 181
"../../../Engine/Content/EditorResources/AI/S_NavLink.uasset" 182
"../../../Engine/Content/EditorResources/LightIcons/SkyLight.uasset" 183
"../../../Engine/Content/EditorResources/LightIcons/S_LightDirectional.uasset" 184
"../../../Engine/Content/EditorResources/LightIcons/S_LightDirectionalMove.uasset" 185
"../../../Engine/Content/EditorResources/LightIcons/S_LightError.uasset" 186
"../../../Engine/Content/EditorResources/LightIcons/S_LightPoint.uasset" 187
"../../../Engine/Content/EditorResources/LightIcons/S_LightPointMove.uasset" 188
"../../../Engine/Content/EditorResources/LightIcons/S_LightSpot.uasset" 189
"../../../Engine/Content/EditorResources/LightIcons/S_LightSpotMove.uasset" 190
"../../../Engine/Content/EditorResources/SequenceRecorder/Countdown.uasset" 191
"../../../Engine/Content/EditorResources/SequenceRecorder/RecordingIndicator.uasset" 192
"../../../Engine/Content/EditorResources/Spline/T_Loft_Spline.uasset" 193
"../../../Engine/Content/EditorSounds/Notifications/CompileFailed.uasset" 194
"../../../Engine/Content/EditorSounds/Notifications/CompileFailed_Cue.uasset" 195
"../../../Engine/Content/EditorSounds/Notifications/CompileSuccess.uasset" 196
"../../../Engine/Content/EditorSounds/Notifications/CompileStart_Cue.uasset" 197
"../../../Engine/Content/EditorSounds/Notifications/CompileSuccess_Cue.uasset" 198
"../../../Engine/Content/EngineDamageTypes/DmgTypeBP_Environmental.uasset" 199
"../../../Engine/Content/EngineDebugMaterials/HeatmapGradient.uasset" 200
"../../../Engine/Content/EngineDebugMaterials/BoneWeightMaterial.uasset" 201
"../../../Engine/Content/EngineDebugMaterials/ClothMaterial.uasset" 202
"../../../Engine/Content/EngineDebugMaterials/ClothMaterial_WF.uasset" 203
"../../../Engine/Content/EngineDebugMaterials/DebugEditorMaterial.uasset" 204
"../../../Engine/Content/EngineDebugMaterials/DebugMeshMaterial.uasset" 205
"../../../Engine/Content/EngineDebugMaterials/GeomMaterial.uasset" 206
"../../../Engine/Content/EngineDebugMaterials/LevelColorationLitMaterial.uasset" 207
"../../../Engine/Content/EngineDebugMaterials/LevelColorationUnlitMaterial.uasset" 208
"../../../Engine/Content/EngineMaterials/DefaultWhiteGrid.uasset" 209
"../../../Engine/Content/EngineDebugMaterials/MAT_LevelColorationLitLightmapUV.uasset" 210
"../../../Engine/Content/EngineDebugMaterials/M_SimpleUnlitTranslucent.uasset" 211
"../../../Engine/Content/Functions/Engine_MaterialFunctions02/Utility/CameraDirectionVector.uasset" 212
"../../../Engine/Content/EngineDebugMaterials/VolumeToRender.uasset" 213
"../../../Engine/Content/EngineDebugMaterials/M_VolumeRenderSphereTracePP.uasset" 214
"../../../Engine/Content/EngineMaterials/DefaultWhiteGrid_Low.uasset" 215
"../../../Engine/Content/EngineDebugMaterials/PhysicalMaterialMaskMaterial.uasset" 216
"../../../Engine/Content/EngineDebugMaterials/ShadedLevelColorationLitMaterial.uasset" 217
"../../../Engine/Content/EngineDebugMaterials/ShadedLevelColorationUnlitMateri.uasset" 218
"../../../Engine/Content/EngineDebugMaterials/VertexColorMaterial.uasset" 219
"../../../Engine/Content/EngineDebugMaterials/VertexColorViewMode_AlphaAsColor.uasset" 220
"../../../Engine/Content/EngineDebugMaterials/VertexColorViewMode_BlueOnly.uasset" 221
"../../../Engine/Content/EngineDebugMaterials/VertexColorViewMode_ColorOnly.uasset" 222
"../../../Engine/Content/EngineDebugMaterials/VertexColorViewMode_GreenOnly.uasset" 223
"../../../Engine/Content/EngineDebugMaterials/VertexColorViewMode_RedOnly.uasset" 224
"../../../Engine/Content/EngineDebugMaterials/WireframeMaterial.uasset" 225
"../../../Engine/Content/EngineFonts/Faces/DroidSansFallback.uasset" 226
"../../../Engine/Content/EngineFonts/Faces/RobotoBold.uasset" 227
"../../../Engine/Content/EngineFonts/Faces/RobotoBoldItalic.uasset" 228
"../../../Engine/Content/EngineFonts/Faces/RobotoItalic.uasset" 229
"../../../Engine/Content/EngineFonts/Faces/RobotoLight.uasset" 230
"../../../Engine/Content/EngineFonts/Faces/RobotoRegular.uasset" 231
"../../../Engine/Content/EngineFonts/Roboto.uasset" 232
"../../../Engine/Content/EngineFonts/Faces/RobotoTiny.uasset" 233
"../../../Engine/Content/EngineFonts/RobotoTiny.uasset" 234
"../../../Engine/Content/EngineFonts/SmallFont.uasset" 235
"../../../Engine/Content/EngineFonts/TinyFont.uasset" 236
"../../../Engine/Content/EngineMaterials/BaseFlattenDiffuseMap.uasset" 237
"../../../Engine/Content/EngineMaterials/BaseFlattenEmissiveMap.uasset" 238
"../../../Engine/Content/EngineMaterials/BaseFlattenGrayscaleMap.uasset" 239
"../../../Engine/Content/EngineMaterials/BaseFlattenNormalMap.uasset" 240
"../../../Engine/Content/EngineMaterials/BaseFlattenMaterial.uasset" 241
"../../../Engine/Content/EngineResources/WhiteSquareTexture.uasset" 242
"../../../Engine/Content/EngineMaterials/BlinkingCaret.uasset" 243
"../../../Engine/Content/EngineMaterials/BlueNoise.uasset" 244
"../../../Engine/Content/EngineMaterials/DefaultBloomKernel.uasset" 245
"../../../Engine/Content/EngineMaterials/DefaultBokeh.uasset" 246
"../../../Engine/Content/EngineMaterials/DefaultDeferredDecalMaterial.uasset" 247
"../../../Engine/Content/EngineMaterials/DefaultLightFunctionMaterial.uasset" 248
"../../../Engine/Content/EngineMaterials/DefaultNormal.uasset" 249
"../../../Engine/Content/EngineMaterials/DefaultPostProcessMaterial.uasset" 250
"../../../Engine/Content/EngineFonts/RobotoDistanceField.uasset" 251
"../../../Engine/Content/EngineMaterials/DefaultTextMaterialOpaque.uasset" 252
"../../../Engine/Content/EngineMaterials/EditorBrushMaterial.uasset" 253
"../../../Engine/Content/EngineMaterials/EmissiveMeshMaterial.uasset" 254
"../../../Engine/Content/EngineMaterials/GizmoMaterial.uasset" 255
"../../../Engine/Content/EngineMaterials/Good64x64TilingNoiseHighFreq.uasset" 256
"../../../Engine/Content/EngineMaterials/Grid_N.uasset" 257
"../../../Engine/Content/EngineMaterials/HighResolutionScreenshotMaskFunction.uasset" 258
"../../../Engine/Content/EngineMaterials/HighResScreenshot.uasset" 259
"../../../Engine/Content/EngineMaterials/HighResScreenshotCaptureRegion.uasset" 260
"../../../Engine/Content/EngineMaterials/HighResScreenshotMask.uasset" 261
"../../../Engine/Content/EngineMaterials/LandscapeHolePhysicalMaterial.uasset" 262
"../../../Engine/Content/EngineMaterials/InvalidLightmapSettings.uasset" 263
"../../../Engine/Content/EngineMaterials/M_InvalidLightmapSettings.uasset" 264
"../../../Engine/Content/EngineMaterials/PaperDiffuse.uasset" 265
"../../../Engine/Content/EngineMaterials/PaperNormal.uasset" 266
"../../../Engine/Content/Functions/Engine_MaterialFunctions02/WorldPositionOffset/CameraOffset.uasset" 267
"../../../Engine/Content/EngineMaterials/PhAT_JointLimitMaterial.uasset" 268
"../../../Engine/Content/EngineMaterials/PhysMat_Rubber.uasset" 269
"../../../Engine/Content/EngineMaterials/PreintegratedSkinBRDF.uasset" 270
"../../../Engine/Content/EngineMaterials/RemoveSurfaceMaterial.uasset" 271
"../../../Engine/Content/EngineMaterials/WeightMapPlaceholderTexture.uasset" 272
"../../../Engine/Content/Functions/Engine_MaterialFunctions01/ImageAdjustment/sRGBToLinear.uasset" 273
"../../../Engine/Content/Functions/Engine_MaterialFunctions02/Utility/BreakOutFloat3Components.uasset" 274
"../../../Engine/Content/EngineMaterials/Widget3DCameraPassThrough_Opaque_OneSided.uasset" 275
"../../../Engine/Content/EngineMaterials/Widget3DPassThrough.uasset" 276
"../../../Engine/Content/EngineMaterials/Widget3DPassThrough_Masked.uasset" 277
"../../../Engine/Content/EngineMaterials/Widget3DPassThrough_Opaque.uasset" 278
"../../../Engine/Content/EngineMaterials/Widget3DPassThrough_Masked_OneSided.uasset" 279
"../../../Engine/Content/EngineMaterials/Widget3DPassThrough_Opaque_OneSided.uasset" 280
"../../../Engine/Content/EngineMaterials/Widget3DPassThrough_Translucent.uasset" 281
"../../../Engine/Content/EngineMaterials/Widget3DPassThrough_Translucent_OneSided.uasset" 282
"../../../Engine/Content/EngineMeshes/Cylinder.uasset" 283
"../../../Engine/Content/EngineMeshes/Sphere.uasset" 284
"../../../Engine/Content/EngineResources/Black.uasset" 285
"../../../Engine/Content/EngineResources/DefaultTexture.uasset" 286
"../../../Engine/Content/EngineResources/DefaultTextureCube.uasset" 287
"../../../Engine/Content/EngineResources/DefaultVolumeTexture2D.uasset" 288
"../../../Engine/Content/EngineResources/DefaultVolumeTexture.uasset" 289
"../../../Engine/Content/EngineResources/GradientTexture0.uasset" 290
"../../../Engine/Content/EngineResources/StreamingPauseIcon.uasset" 291
"../../../Engine/Content/EngineResources/M_StreamingPause.uasset" 292
"../../../Engine/Content/EngineSounds/Master.uasset" 293
"../../../Engine/Content/Functions/Engine_MaterialFunctions01/Shading/PowerToRoughness.uasset" 294
"../../../Engine/Content/Maps/Templates/Thumbnails/Default.uasset" 295
"../../../Engine/Content/Maps/Templates/Thumbnails/TimeOfDay.uasset" 296
"../../../Engine/Content/Maps/Templates/Thumbnails/VR-Basic.uasset" 297
"../../../Engine/Content/MapTemplates/SM_Template_Map_Floor.uasset" 298
"../../../Engine/Content/MapTemplates/Sky/DaylightAmbientCubemap.uasset" 299
"../../../Engine/Content/MobileResources/T_MobileControls_texture.uasset" 300
"../../../Engine/Content/MobileResources/T_MobileMenu2.uasset" 301
"../../../Engine/Content/MobileResources/HUD/AnalogHat.uasset" 302
"../../../Engine/Content/MobileResources/HUD/VirtualJoystick_Background.uasset" 303
"../../../Engine/Content/MobileResources/HUD/VirtualJoystick_Thumb.uasset" 304
"../../../Engine/Content/MobileResources/HUD/DefaultVirtualJoysticks.uasset" 305
"../../../Engine/Content/MobileResources/HUD/LeftVirtualJoystickOnly.uasset" 306
"../../../Engine/Content/MobileResources/HUD/MobileHUDButton1_off.uasset" 307
"../../../Engine/Content/MobileResources/HUD/MobileHUDButton1_on.uasset" 308
"../../../Engine/Content/MobileResources/HUD/MobileHUDButton2_off.uasset" 309
"../../../Engine/Content/MobileResources/HUD/MobileHUDButton2_on.uasset" 310
"../../../Engine/Content/MobileResources/HUD/MobileHUDButton3.uasset" 311
"../../../Engine/Content/MobileResources/HUD/MobileHUDButtonFire.uasset" 312
"../../../Engine/Content/MobileResources/HUD/MobileHUDDirectionPad.uasset" 313
"../../../Engine/Content/MobileResources/HUD/MobileHUDDirectionPad2.uasset" 314
"../../../Engine/Content/MobileResources/HUD/MobileHUDDirectionPad3.uasset" 315
"../../../Engine/Content/MobileResources/HUD/MobileHUDDirectionStick.uasset" 316
"../../../Engine/Content/MobileResources/HUD/T_Castle_ThumbstickInner.uasset" 317
"../../../Engine/Content/MobileResources/HUD/T_Castle_ThumbstickOutter.uasset" 318
"../../../Engine/Content/Tutorial/ContentIntroCurve.uasset" 319
"../../../Engine/Content/Tutorial/Basics/LevelEditorAttract.uasset" 320
"../../../Engine/Content/Tutorial/Basics/TutorialAssets/icon_tab_Levels_40x.uasset" 321
"../../../Engine/Content/Tutorial/Basics/LevelEditorOverview.uasset" 322
"../../../Engine/Content/Tutorial/BlueprintTutorials/TutorialAssets/Blueprint_64x.uasset" 323
"../../../Engine/Content/Tutorial/BlueprintTutorials/BlueprintEditorTutorial.uasset" 324
"../../../Engine/Content/Tutorial/BlueprintTutorials/TutorialAssets/Tutorial_BP_MacroLib.uasset" 325
"../../../Engine/Content/VREditor/LaserPointer/VR_LaserPower_01.uasset" 326
"../../../Engine/Content/VREditor/TransformGizmo/TransformGizmoMaterial.uasset" 327
"../../../Engine/Content/VREditor/TransformGizmo/TranslucentTransformGizmoMaterial.uasset" 328
"../../../Engine/Content/VREditor/TransformGizmo/BoundingBoxCorner.uasset" 329
"../../../Engine/Content/VREditor/TransformGizmo/BoundingBoxEdge.uasset" 330
"../../../Engine/Content/VREditor/TransformGizmo/PlaneTranslationHandle.uasset" 331
"../../../Engine/Content/VREditor/TransformGizmo/Main.uasset" 332
"../../../Engine/Content/VREditor/TransformGizmo/Xray.uasset" 333
"../../../Engine/Content/VREditor/TransformGizmo/SM_Sequencer_Key.uasset" 334
"../../../Engine/Content/VREditor/TransformGizmo/SM_Sequencer_Node.uasset" 335
"../../../../Project/Nisman_270421/Content/Download/City_of_Brass_Props/Textures/Stall01_D.uasset" 336
"../../../../Project/Nisman_270421/Content/Download/City_of_Brass_Props/Textures/Stall01_M.uasset" 337
"../../../../Project/Nisman_270421/Content/Download/City_of_Brass_Props/Textures/Stall01_N.uasset" 338
"../../../../Project/Nisman_270421/Content/Download/City_of_Brass_Props/Materials/Enviro_Substance_Material.uasset" 339
"../../../../Project/Nisman_270421/Content/Download/City_of_Brass_Props/Textures/Books_D.uasset" 340
"../../../../Project/Nisman_270421/Content/Download/City_of_Brass_Props/Textures/Books_M.uasset" 341
"../../../../Project/Nisman_270421/Content/Download/City_of_Brass_Props/Textures/Books_N.uasset" 342
"../../../../Project/Nisman_270421/Content/Download/City_of_Brass_Props/Materials/Instances/Books_Inst.uasset" 343
"../../../../Project/Nisman_270421/Content/Download/City_of_Brass_Props/Textures/Simple_Shelf01_D.uasset" 344
"../../../../Project/Nisman_270421/Content/Download/City_of_Brass_Props/Textures/Simple_Shelf01_M.uasset" 345
"../../../../Project/Nisman_270421/Content/Download/City_of_Brass_Props/Textures/Simple_Shelf01_N.uasset" 346
"../../../../Project/Nisman_270421/Content/Download/City_of_Brass_Props/Materials/Instances/SimpleShelf01_Mat.uasset" 347
"../../../../Project/Nisman_270421/Content/Download/City_of_Brass_Props/Meshes/Simple_Shelf01.uasset" 348
"../../../../Project/Nisman_270421/Content/Download/StarterContent/Audio/Explosion01.uasset" 349
"../../../../Project/Nisman_270421/Content/Download/StarterContent/Audio/Explosion02.uasset" 350
"../../../Engine/Content/Animation/DefaultAnimBoneCompressionSettings.uasset" 351
"../../../../Project/Nisman_270421/Content/Download/Mannequin/Character/Mesh/UE4_Mannequin_Skeleton.uasset" 352
"../../../../Project/Nisman_270421/Content/Download/Mannequin/Animations/ThirdPerson_Jump.uasset" 353
"../../../../Project/Nisman_270421/Content/Download/Mannequin/Animations/ThirdPersonJump_Loop.uasset" 354
"../../../../Project/Nisman_270421/Content/Download/Mannequin/Animations/ThirdPersonJump_Start.uasset" 355
"../../../../Project/Nisman_270421/Content/Download/Mannequin/Animations/ThirdPersonIdle.uasset" 356
"../../../../Project/Nisman_270421/Content/Download/Mannequin/Animations/ThirdPersonRun.uasset" 357
"../../../../Project/Nisman_270421/Content/Download/Mannequin/Animations/ThirdPersonWalk.uasset" 358
"../../../../Project/Nisman_270421/Content/Download/Mannequin/Animations/ThirdPerson_IdleRun_2D.uasset" 359
"../../../../Project/Nisman_270421/Content/Download/Mannequin/Animations/ThirdPerson_AnimBP.uasset" 360
"../../../../Project/Nisman_270421/Content/Download/LowPoly_Cat/Meshes/Skeleton_Cat.uasset" 361
"../../../../Project/Nisman_270421/Content/Download/LowPoly_Cat/Animations/Anim_Cat_Jump_trot_IP.uasset" 362
"../../../../Project/Nisman_270421/Content/Download/LowPoly_Cat/Animations/Anim_Cat_Idle_1.uasset" 363
"../../../../Project/Nisman_270421/Content/Download/LowPoly_Cat/Animations/Anim_Cat_Run_F_IP.uasset" 364
"../../../../Project/Nisman_270421/Content/Download/LowPoly_Cat/Animations/Anim_Cat_Run_L_IP.uasset" 365
"../../../../Project/Nisman_270421/Content/Download/LowPoly_Cat/Animations/Anim_Cat_Run_R_IP.uasset" 366
"../../../../Project/Nisman_270421/Content/Download/LowPoly_Cat/Animations/Anim_Cat_Walk_B_IP.uasset" 367
"../../../../Project/Nisman_270421/Content/Download/LowPoly_Cat/Animations/Anim_Cat_Walk_BL_IP.uasset" 368
"../../../../Project/Nisman_270421/Content/Download/LowPoly_Cat/Animations/Anim_Cat_Walk_BR_IP.uasset" 369
"../../../../Project/Nisman_270421/Content/Download/LowPoly_Cat/Animations/Anim_Cat_Walk_F_IP.uasset" 370
"../../../../Project/Nisman_270421/Content/Download/LowPoly_Cat/Animations/Anim_Cat_Walk_L_IP.uasset" 371
"../../../../Project/Nisman_270421/Content/Download/LowPoly_Cat/Animations/Anim_Cat_Walk_R_IP.uasset" 372
"../../../../Project/Nisman_270421/Content/Main/Characters/Cat/BS_DirMovement.uasset" 373
"../../../../Project/Nisman_270421/Content/Main/Characters/Cat/ABP_CharacterCat.uasset" 374
"../../../../Project/Nisman_270421/Content/Download/LowPoly_Cat/Animations/Anim_Cat_Walk_F_RM.uasset" 375
"../../../../Project/Nisman_270421/Content/Download/LowPoly_Cat/Textures/PolyArt_Cats_color.uasset" 376
"../../../../Project/Nisman_270421/Content/Download/LowPoly_Cat/Textures/PolyArt_Cats_Normal.uasset" 377
"../../../../Project/Nisman_270421/Content/Download/LowPoly_Cat/Textures/PolyArt_Cats_Spec.uasset" 378
"../../../../Project/Nisman_270421/Content/Download/LowPoly_Cat/Materials/M_LowPoly_Cat.uasset" 379
"../../../../Project/Nisman_270421/Content/Download/LowPoly_Cat/Meshes/Mesh_Cat_Brit.uasset" 380
"../../../../Project/Nisman_270421/Content/Main/Characters/Cat/Cat.uasset" 381
"../../../../Project/Nisman_270421/Content/Main/Characters/Character/CameraDeath.uasset" 382
"../../../../Project/Nisman_270421/Content/Main/Characters/Character/StatusAC.uasset" 383
"../../../../Project/Nisman_270421/Content/Main/Weapon/AmmoAC.uasset" 384
"../../../../Project/Nisman_270421/Content/Download/StarterContent/Textures/T_MacroVariation.uasset" 385
"../../../../Project/Nisman_270421/Content/Download/StarterContent/Materials/M_Metal_Brushed_Nickel.uasset" 386
"../../../../Project/Nisman_270421/Content/Download/StarterContent/Audio/Explosion_Cue.uasset" 387
"../../../../Project/Nisman_270421/Content/Download/StarterContent/Textures/T_Burst_M.uasset" 388
"../../../../Project/Nisman_270421/Content/Download/StarterContent/Particles/Materials/M_Burst.uasset" 389
"../../../../Project/Nisman_270421/Content/Download/StarterContent/Textures/T_Explosion_SubUV.uasset" 390
"../../../../Project/Nisman_270421/Content/Download/StarterContent/Particles/Materials/M_explosion_subUV.uasset" 391
"../../../../Project/Nisman_270421/Content/Download/StarterContent/Particles/Materials/m_flare_01.uasset" 392
"../../../Engine/Content/Functions/Engine_MaterialFunctions01/Gradient/RadialGradient.uasset" 393
"../../../../Project/Nisman_270421/Content/Download/StarterContent/Particles/Materials/M_radial_ramp.uasset" 394
"../../../../Project/Nisman_270421/Content/Download/StarterContent/Textures/T_Smoke_SubUV.uasset" 395
"../../../../Project/Nisman_270421/Content/Download/StarterContent/Textures/T_Smoke_Tiled_D.uasset" 396
"../../../../Project/Nisman_270421/Content/Download/StarterContent/Particles/Materials/M_smoke_subUV.uasset" 397
"../../../../Project/Nisman_270421/Content/Download/StarterContent/Particles/P_Explosion.uasset" 398
"../../../../Project/Nisman_270421/Content/Download/StarterContent/Materials/M_Basic_Wall.uasset" 399
"../../../../Project/Nisman_270421/Content/Download/StarterContent/Shapes/Shape_Sphere.uasset" 400
"../../../../Project/Nisman_270421/Content/Main/Weapon/AmmoBase.uasset" 401
"../../../Engine/Content/Functions/Engine_MaterialFunctions02/Utility/BlendAngleCorrectedNormals.uasset" 402
"../../../Engine/Content/Functions/MaterialLayerFunctions/MatLayerBlend_NormalBlend.uasset" 403
"../../../Engine/Content/Functions/MaterialLayerFunctions/MatLayerBlend_Simple.uasset" 404
"../../../../Project/Nisman_270421/Content/Download/FirstPerson/FPWeapon/Materials/MaterialLayers/T_ML_Rubber_Blue_01_D.uasset" 405
"../../../../Project/Nisman_270421/Content/Download/FirstPerson/FPWeapon/Materials/MaterialLayers/T_ML_Rubber_Blue_01_N.uasset" 406
"../../../../Project/Nisman_270421/Content/Download/FirstPerson/FPWeapon/Materials/MaterialLayers/ML_GlossyBlack_Latex_UE4.uasset" 407
"../../../../Project/Nisman_270421/Content/Download/FirstPerson/FPWeapon/Materials/MaterialLayers/ML_Plastic_Shiny_Beige.uasset" 408
"../../../../Project/Nisman_270421/Content/Download/FirstPerson/FPWeapon/Materials/MaterialLayers/ML_Screen.uasset" 409
"../../../../Project/Nisman_270421/Content/Download/FirstPerson/FPWeapon/Materials/MaterialLayers/T_ML_Aluminum01.uasset" 410
"../../../../Project/Nisman_270421/Content/Download/FirstPerson/FPWeapon/Materials/MaterialLayers/T_ML_Aluminum01_N.uasset" 411
"../../../../Project/Nisman_270421/Content/Download/FirstPerson/FPWeapon/Materials/MaterialLayers/ML_SoftMetal_UE4.uasset" 412
"../../../../Project/Nisman_270421/Content/Download/FirstPerson/FPWeapon/Textures/T_FPGun_M.uasset" 413
"../../../../Project/Nisman_270421/Content/Download/FirstPerson/FPWeapon/Textures/T_FPGun_N.uasset" 414
"../../../../Project/Nisman_270421/Content/Download/FirstPerson/FPWeapon/Materials/M_FPGun.uasset" 415
"../../../../Project/Nisman_270421/Content/Main/Weapon/NoAmmo.uasset" 416
"../../../../Project/Nisman_270421/Content/Main/Weapon/NoAmmo_Cue.uasset" 417
"../../../../Project/Nisman_270421/Content/Main/Weapon/SK_FPGun.uasset" 418
"../../../../Project/Nisman_270421/Content/Main/Weapon/Gun.uasset" 419
"../../../../Project/Nisman_270421/Content/Download/Mannequin/Character/Materials/MaterialLayers/T_ML_Rubber_Blue_01_D.uasset" 420
"../../../../Project/Nisman_270421/Content/Download/Mannequin/Character/Materials/MaterialLayers/T_ML_Rubber_Blue_01_N.uasset" 421
"../../../../Project/Nisman_270421/Content/Download/Mannequin/Character/Materials/MaterialLayers/ML_GlossyBlack_Latex_UE4.uasset" 422
"../../../../Project/Nisman_270421/Content/Download/Mannequin/Character/Materials/MaterialLayers/ML_Plastic_Shiny_Beige.uasset" 423
"../../../../Project/Nisman_270421/Content/Download/Mannequin/Character/Textures/UE4_LOGO_CARD.uasset" 424
"../../../../Project/Nisman_270421/Content/Download/Mannequin/Character/Materials/MaterialLayers/ML_Plastic_Shiny_Beige_LOGO.uasset" 425
"../../../../Project/Nisman_270421/Content/Download/Mannequin/Character/Materials/MaterialLayers/T_ML_Aluminum01.uasset" 426
"../../../../Project/Nisman_270421/Content/Download/Mannequin/Character/Materials/MaterialLayers/T_ML_Aluminum01_N.uasset" 427
"../../../../Project/Nisman_270421/Content/Download/Mannequin/Character/Materials/MaterialLayers/ML_SoftMetal_UE4.uasset" 428
"../../../../Project/Nisman_270421/Content/Download/Mannequin/Character/Textures/UE4_Mannequin__normals.uasset" 429
"../../../../Project/Nisman_270421/Content/Download/Mannequin/Character/Textures/UE4_Mannequin_MAT_MASKA.uasset" 430
"../../../../Project/Nisman_270421/Content/Download/Mannequin/Character/Materials/M_UE4Man_Body.uasset" 431
"../../../../Project/Nisman_270421/Content/Download/Mannequin/Character/Textures/UE4Man_Logo_N.uasset" 432
"../../../../Project/Nisman_270421/Content/Download/Mannequin/Character/Materials/M_UE4Man_ChestLogo.uasset" 433
"../../../../Project/Nisman_270421/Content/Download/Mannequin/Character/Mesh/SK_Mannequin_PhysicsAsset.uasset" 434
"../../../../Project/Nisman_270421/Content/Download/Mannequin/Character/Mesh/SK_Mannequin.uasset" 435
"../../../../Project/Nisman_270421/Content/Main/Characters/Character/MainCharacter.uasset" 436
"../../../../Project/Nisman_270421/Content/Main/UIX/MainWidget.uasset" 437
"../../../../Project/Nisman_270421/Content/Main/MainContoller.uasset" 438
"../../../../Project/Nisman_270421/Content/Main/MainGM.uasset" 439
"../../Plugins/2D/Paper2D/Content/PlaceholderTextures/DummySpriteTexture.uasset" 440
"../../Plugins/2D/Paper2D/Content/DummySprite.uasset" 441
"../../Plugins/2D/Paper2D/Content/DefaultPaperTerrainMaterial.uasset" 442
"../../Plugins/2D/Paper2D/Content/DefaultSpriteMaterial.uasset" 443
"../../Plugins/2D/Paper2D/Content/MaskedUnlitSpriteMaterial.uasset" 444
"../../Plugins/2D/Paper2D/Content/OpaqueUnlitSpriteMaterial.uasset" 445
"../../Plugins/FX/Niagara/Content/Enums/ENiagaraAnimTrailWidthMode.uasset" 446
"../../Plugins/FX/Niagara/Content/Enums/ENiagaraBoneSamplingMode.uasset" 447
"../../Plugins/FX/Niagara/Content/Enums/ENiagaraBoneSocketSamplingMode.uasset" 448
"../../Plugins/FX/Niagara/Content/Enums/ENiagaraBooleanLogicOps.uasset" 449
"../../Plugins/FX/Niagara/Content/Enums/ENiagaraBooleanLogicOps_v2.uasset" 450
"../../Plugins/FX/Niagara/Content/Enums/ENiagaraCalculateRadiusOptions.uasset" 451
"../../Plugins/FX/Niagara/Content/Enums/ENiagaraChannelCorrelation.uasset" 452
"../../Plugins/FX/Niagara/Content/Enums/ENiagaraCollisionRadiusOptions.uasset" 453
"../../Plugins/FX/Niagara/Content/Enums/ENiagaraCoordinateSpace.uasset" 454
"../../Plugins/FX/Niagara/Content/Enums/ENiagaraCurlNoiseQuality.uasset" 455
"../../Plugins/FX/Niagara/Content/Enums/ENiagaraEmitterLifeCycleMode.uasset" 456
"../../Plugins/FX/Niagara/Content/Enums/ENiagaraEmitterScalabilityMode.uasset" 457
"../../Plugins/FX/Niagara/Content/Enums/ENiagaraEmitterScalabilityMode_Limited.uasset" 458
"../../Plugins/FX/Niagara/Content/Enums/ENiagaraExecutionStateManagement.uasset" 459
"../../Plugins/FX/Niagara/Content/Enums/ENiagaraExpansionMode.uasset" 460
"../../Plugins/FX/Niagara/Content/Enums/ENiagaraFrictionMergeType.uasset" 461
"../../Plugins/FX/Niagara/Content/Enums/ENiagaraGPUDepthResponseType.uasset" 462
"../../Plugins/FX/Niagara/Content/Enums/ENiagaraGridPlacementType.uasset" 463
"../../Plugins/FX/Niagara/Content/Enums/ENiagaraInactiveMode.uasset" 464
"../../Plugins/FX/Niagara/Content/Enums/ENiagaraKillVolumeOptions.uasset" 465
"../../Plugins/FX/Niagara/Content/Enums/ENiagaraLinearColor_Channels.uasset" 466
"../../Plugins/FX/Niagara/Content/Enums/ENiagaraMassByVolume.uasset" 467
"../../Plugins/FX/Niagara/Content/Enums/ENiagaraMassCalculationForRendererTypes.uasset" 468
"../../Plugins/FX/Niagara/Content/Enums/ENiagaraMeshOrSprite.uasset" 469
"../../Plugins/FX/Niagara/Content/Enums/ENiagaraMeshSamplingMode.uasset" 470
"../../Plugins/FX/Niagara/Content/Enums/ENiagaraMeshSurfaceSamplingMode.uasset" 471
"../../Plugins/FX/Niagara/Content/Enums/ENiagaraMeshTransforms.uasset" 472
"../../Plugins/FX/Niagara/Content/Enums/ENiagaraMinOrMax.uasset" 473
"../../Plugins/FX/Niagara/Content/Enums/ENiagaraOrientationAxis.uasset" 474
"../../Plugins/FX/Niagara/Content/Enums/ENiagaraRandomnessMode.uasset" 475
"../../Plugins/FX/Niagara/Content/Enums/ENiagaraRestitutionMergeType.uasset" 476
"../../Plugins/FX/Niagara/Content/Enums/ENiagaraScaleColorMode.uasset" 477
"../../Plugins/FX/Niagara/Content/Enums/ENiagaraSimulationTarget.uasset" 478
"../../Plugins/FX/Niagara/Content/Enums/ENiagaraSkeletalSpawning.uasset" 479
"../../Plugins/FX/Niagara/Content/Enums/ENiagaraSkelSamplingFilteringMode.uasset" 480
"../../Plugins/FX/Niagara/Content/Enums/ENiagaraSkelSamplingModeFull.uasset" 481
"../../Plugins/FX/Niagara/Content/Enums/ENiagaraSocketSamplingMode.uasset" 482
"../../Plugins/FX/Niagara/Content/Enums/ENiagaraSUbUVAnimationMode.uasset" 483
"../../Plugins/FX/Niagara/Content/Enums/ENiagaraSystemInactiveMode.uasset" 484
"../../Plugins/FX/Niagara/Content/Enums/ENiagaraTorusDistributionMode.uasset" 485
"../../Plugins/FX/Niagara/Content/Enums/ENiagaraTorusMode.uasset" 486
"../../Plugins/FX/Niagara/Content/Enums/ENiagaraTriangleSamplingMode.uasset" 487
"../../Plugins/FX/Niagara/Content/Enums/ENiagaraVector2_Channels.uasset" 488
"../../Plugins/FX/Niagara/Content/Enums/ENiagaraVector3_Channels.uasset" 489
"../../Plugins/FX/Niagara/Content/Enums/ENiagaraVector4_Channels.uasset" 490
"../../Plugins/FX/Niagara/Content/Enums/ENiagaraVertexFilteringMode.uasset" 491
"../../Plugins/FX/Niagara/Content/Enums/ENiagaraVertexSamplingMode.uasset" 492
"../../Plugins/FX/Niagara/Content/Enums/ENiagara_CameraMeshOrientation.uasset" 493
"../../Plugins/FX/Niagara/Content/Enums/ENiagara_CameraProperties.uasset" 494
"../../Plugins/FX/Niagara/Content/Enums/ENiagara_CollisionType.uasset" 495
"../../Plugins/FX/Niagara/Content/Enums/ENiagara_CPUCollisionType.uasset" 496
"../../Plugins/FX/Niagara/Content/Enums/ENiagara_EmitterStateOptions.uasset" 497
"../../Plugins/FX/Niagara/Content/Enums/ENiagara_Float4Channel.uasset" 498
"../../Plugins/FX/Niagara/Content/Enums/ENiagara_GPUCollisionType.uasset" 499
"../../Plugins/FX/Niagara/Content/Enums/ENiagara_InfiniteLoopDuration.uasset" 500
"../../Plugins/FX/Niagara/Content/Icons/S_ParticleSystem.uasset" 501
"../../../Engine/Content/Functions/Engine_MaterialFunctions02/Utility/BreakOutFloat4Components.uasset" 502
"../../Plugins/Runtime/Oculus/OculusVR/Content/Materials/OculusMR_ChromaKey.uasset" 503
"../../Plugins/Runtime/Oculus/OculusVR/Content/Materials/OculusMR_ChromaKey_Lit.uasset" 504
"../../Plugins/Runtime/Oculus/OculusVR/Content/Materials/OculusMR_OpaqueColoredMaterial.uasset" 505
"../../Plugins/Runtime/Oculus/OculusVR/Content/Materials/OculusMR_WhiteMaterial.uasset" 506
"../../../Engine/Content/Maps/Entry_BuiltData.uasset" 507
"../../../Engine/Content/Maps/Entry.umap" 508
"../../../../Project/Nisman_270421/Content/Download/StarterContent/Textures/T_Metal_Steel_D.uasset" 509
"../../../../Project/Nisman_270421/Content/Download/StarterContent/Textures/T_Metal_Steel_N.uasset" 510
"../../../../Project/Nisman_270421/Content/Download/StarterContent/Materials/M_Metal_Steel.uasset" 511
"../../../Engine/Content/BasicShapes/Cube.uasset" 512
"../../../../Project/Nisman_270421/Content/Main/Weapon/WeaponBase.uasset" 513
"../../../../Project/Nisman_270421/Content/Download/LowPoly_Cat/Animations/Anim_Cat_Lie_loop.uasset" 514
"../../../../Project/Nisman_270421/Content/Download/LowPoly_Cat/Animations/Anim_Cat_Lie_Sleep_loop.uasset" 515
"../../../../Project/Nisman_270421/Content/Download/LowPoly_Cat/Animations/Anim_Cat_Sitting_Idle_1.uasset" 516
"../../../../Project/Nisman_270421/Content/Main/Characters/Character/DaughterCharacter.uasset" 517
"../../../Engine/Content/EngineSky/C_Sky_Cloud_Color.uasset" 518
"../../../Engine/Content/EngineSky/C_Sky_Horizon_Color.uasset" 519
"../../../Engine/Content/EngineSky/C_Sky_Zenith_Color.uasset" 520
"../../../Engine/Content/EngineSky/T_Sky_Blue.uasset" 521
"../../../Engine/Content/EngineSky/T_Sky_Clouds_M.uasset" 522
"../../../Engine/Content/EngineSky/T_Sky_Stars.uasset" 523
"../../../Engine/Content/EngineSky/M_Sky_Panning_Clouds2.uasset" 524
"../../../Engine/Content/EngineSky/SM_SkySphere.uasset" 525
"../../../Engine/Content/EngineSky/BP_Sky_Sphere.uasset" 526
"../../../../Project/Nisman_270421/Content/Download/StarterContent/Textures/T_Brick_Clay_New_D.uasset" 527
"../../../../Project/Nisman_270421/Content/Download/StarterContent/Textures/T_Brick_Clay_New_M.uasset" 528
"../../../../Project/Nisman_270421/Content/Download/StarterContent/Textures/T_Brick_Clay_New_N.uasset" 529
"../../../../Project/Nisman_270421/Content/Download/StarterContent/Textures/T_Detail_Rocky_N.uasset" 530
"../../../../Project/Nisman_270421/Content/Download/StarterContent/Materials/M_Brick_Clay_New.uasset" 531
"../../../../Project/Nisman_270421/Content/Download/StarterContent/Textures/T_Metal_Aluminum_D.uasset" 532
"../../../../Project/Nisman_270421/Content/Download/StarterContent/Textures/T_Metal_Gold_N.uasset" 533
"../../../../Project/Nisman_270421/Content/Download/StarterContent/Materials/M_Metal_Burnished_Steel.uasset" 534
"../../../../Project/Nisman_270421/Content/Download/StarterContent/Shapes/Shape_Cone.uasset" 535
"../../../../Project/Nisman_270421/Content/Main/DamegeZone/VoidZone.uasset" 536
"../../../../Project/Nisman_270421/Content/Nisman_270421_BuiltData.uasset" 537
"../../../../Project/Nisman_270421/Content/Download/StarterContent/Textures/T_Concrete_Tiles_D.uasset" 538
"../../../../Project/Nisman_270421/Content/Download/StarterContent/Textures/T_Concrete_Tiles_M.uasset" 539
"../../../../Project/Nisman_270421/Content/Download/StarterContent/Textures/T_Concrete_Tiles_N.uasset" 540
"../../../../Project/Nisman_270421/Content/Download/StarterContent/Textures/T_Concrete_Tiles_Variation_M.uasset" 541
"../../../../Project/Nisman_270421/Content/Download/StarterContent/Materials/M_Concrete_Tiles.uasset" 542
"../../../../Project/Nisman_270421/Content/Download/City_of_Brass_Props/Materials/Textures/T_TilingNoise03.uasset" 543
"../../../../Project/Nisman_270421/Content/Download/City_of_Brass_Props/Materials/Textures/TilingNoise03.uasset" 544
"../../../../Project/Nisman_270421/Content/Download/City_of_Brass_Props/Textures/Small_Loot_Low_DefaultMaterial_BaseColor.uasset" 545
"../../../../Project/Nisman_270421/Content/Download/City_of_Brass_Props/Textures/Small_Loot_Low_DefaultMaterial_Normal.uasset" 546
"../../../../Project/Nisman_270421/Content/Download/City_of_Brass_Props/Textures/Small_Loot_Low_DefaultMaterial_OcclusionRoughnessMetallic.uasset" 547
"../../../../Project/Nisman_270421/Content/Download/City_of_Brass_Props/Materials/Useable_Shader.uasset" 548
"../../../../Project/Nisman_270421/Content/Download/City_of_Brass_Props/Textures/Chest_D.uasset" 549
"../../../../Project/Nisman_270421/Content/Download/City_of_Brass_Props/Textures/Chest_M.uasset" 550
"../../../../Project/Nisman_270421/Content/Download/City_of_Brass_Props/Textures/Chest_N.uasset" 551
"../../../../Project/Nisman_270421/Content/Download/City_of_Brass_Props/Materials/Instances/Chest_Inst.uasset" 552
"../../../../Project/Nisman_270421/Content/Download/City_of_Brass_Props/Meshes/Chest_Static_Ex.uasset" 553
"../../../../Project/Nisman_270421/Content/Download/City_of_Brass_Props/Textures/Cupboard01_D.uasset" 554
"../../../../Project/Nisman_270421/Content/Download/City_of_Brass_Props/Textures/Cupboard01_M.uasset" 555
"../../../../Project/Nisman_270421/Content/Download/City_of_Brass_Props/Textures/Cupboard01_N.uasset" 556
"../../../../Project/Nisman_270421/Content/Download/City_of_Brass_Props/Materials/Instances/SimpleCupboard01_Mat.uasset" 557
"../../../../Project/Nisman_270421/Content/Download/City_of_Brass_Props/Meshes/Cupboard01.uasset" 558
"../../../../Project/Nisman_270421/Content/Download/City_of_Brass_Props/Textures/WoodenBoards_D.uasset" 559
"../../../../Project/Nisman_270421/Content/Download/City_of_Brass_Props/Textures/WoodenBoards_M.uasset" 560
"../../../../Project/Nisman_270421/Content/Download/City_of_Brass_Props/Textures/WoodenBoards_N.uasset" 561
"../../../../Project/Nisman_270421/Content/Download/City_of_Brass_Props/Materials/Instances/Corridor_A_WallBox.uasset" 562
"../../../../Project/Nisman_270421/Content/Download/City_of_Brass_Props/Textures/Sheets_D.uasset" 563
"../../../../Project/Nisman_270421/Content/Download/City_of_Brass_Props/Textures/Sheets_M.uasset" 564
"../../../../Project/Nisman_270421/Content/Download/City_of_Brass_Props/Textures/Sheets_N.uasset" 565
"../../../../Project/Nisman_270421/Content/Download/City_of_Brass_Props/Materials/Instances/Sheets_Mat_Inst.uasset" 566
"../../../../Project/Nisman_270421/Content/Download/City_of_Brass_Props/Meshes/SimpleBed01.uasset" 567
"../../../../Project/Nisman_270421/Content/Download/Geometry/Meshes/CubeMaterial.uasset" 568
"../../../../Project/Nisman_270421/Content/Download/Geometry/Meshes/1M_Cube_Chamfer.uasset" 569
"../../../../Project/Nisman_270421/Content/Download/Geometry/Meshes/TemplateFloor.uasset" 570
"../../../../Project/Nisman_270421/Content/Download/LowPoly_Cat/Meshes/Mesh_Cat_Black_White.uasset" 571
"../../../../Project/Nisman_270421/Content/Download/LowPoly_Cat/Meshes/Mesh_Cat_brown.uasset" 572
"../../../../Project/Nisman_270421/Content/Download/LowPoly_Cat/Meshes/Mesh_Cat_maine.uasset" 573
"../../../../Project/Nisman_270421/Content/Download/LowPoly_Cat/Meshes/Mesh_Cat_Siamese.uasset" 574
"../../../../Project/Nisman_270421/Content/Nisman_270421.umap" 575
